  MainFile.c
C:\Users\João Fernandes\source\repos\TesteTrabalho\TesteTrabalho\TrabalhoPraticoEstruturas\TrabalhoPraticoEstruturas\TrabalhoPraticoEstruturas\MainFile.c(315,52): warning C4133: 'função': tipos incompatíveis - de 'Jobs' para 'Operation *'
C:\Users\João Fernandes\source\repos\TesteTrabalho\TesteTrabalho\TrabalhoPraticoEstruturas\TrabalhoPraticoEstruturas\TrabalhoPraticoEstruturas\MainFile.c(10,1): warning C4047: 'inicializando': 'Jobs *' difere em níveis de indireção de 'Jobs'
C:\Users\João Fernandes\source\repos\TesteTrabalho\TesteTrabalho\TrabalhoPraticoEstruturas\TrabalhoPraticoEstruturas\TrabalhoPraticoEstruturas\MainFile.c(8,13): warning C4101: 'flag': variável local não referenciada
  StructFile.c
C:\Users\João Fernandes\source\repos\TesteTrabalho\TesteTrabalho\TrabalhoPraticoEstruturas\TrabalhoPraticoEstruturas\TrabalhoPraticoEstruturas\StructFile.c(69,62): warning C4047: '=': 'int' difere em níveis de indireção de 'int *'
C:\Users\João Fernandes\source\repos\TesteTrabalho\TesteTrabalho\TrabalhoPraticoEstruturas\TrabalhoPraticoEstruturas\TrabalhoPraticoEstruturas\StructFile.c(115,62): warning C4047: '=': 'int' difere em níveis de indireção de 'int *'
C:\Users\João Fernandes\source\repos\TesteTrabalho\TesteTrabalho\TrabalhoPraticoEstruturas\TrabalhoPraticoEstruturas\TrabalhoPraticoEstruturas\StructFile.c(185,60): warning C4047: '=': 'int' difere em níveis de indireção de 'int *'
C:\Users\João Fernandes\source\repos\TesteTrabalho\TesteTrabalho\TrabalhoPraticoEstruturas\TrabalhoPraticoEstruturas\TrabalhoPraticoEstruturas\StructFile.c(252,60): warning C4047: '=': 'int' difere em níveis de indireção de 'int *'
C:\Users\João Fernandes\source\repos\TesteTrabalho\TesteTrabalho\TrabalhoPraticoEstruturas\TrabalhoPraticoEstruturas\TrabalhoPraticoEstruturas\StructFile.c(518,21): warning C4098: 'AllCombinations': função 'void' retornando um valor
C:\Users\João Fernandes\source\repos\TesteTrabalho\TesteTrabalho\TrabalhoPraticoEstruturas\TrabalhoPraticoEstruturas\TrabalhoPraticoEstruturas\StructFile.c(588,34): warning C4101: 'getcycletime': variável local não referenciada
C:\Users\João Fernandes\source\repos\TesteTrabalho\TesteTrabalho\TrabalhoPraticoEstruturas\TrabalhoPraticoEstruturas\TrabalhoPraticoEstruturas\StructFile.c(759,24): warning C4267: 'função': conversão de 'size_t' para 'int', possível perda de dados
C:\Users\João Fernandes\source\repos\TesteTrabalho\TesteTrabalho\TrabalhoPraticoEstruturas\TrabalhoPraticoEstruturas\TrabalhoPraticoEstruturas\StructFile.c(751,9): warning C4101: 'getmachines': variável local não referenciada
C:\Users\João Fernandes\source\repos\TesteTrabalho\TesteTrabalho\TrabalhoPraticoEstruturas\TrabalhoPraticoEstruturas\TrabalhoPraticoEstruturas\StructFile.c(751,22): warning C4101: 'getcycletime': variável local não referenciada
C:\Users\João Fernandes\source\repos\TesteTrabalho\TesteTrabalho\TrabalhoPraticoEstruturas\TrabalhoPraticoEstruturas\TrabalhoPraticoEstruturas\StructFile.c(827,62): warning C4047: '=': 'int' difere em níveis de indireção de 'int *'
C:\Users\João Fernandes\source\repos\TesteTrabalho\TesteTrabalho\TrabalhoPraticoEstruturas\TrabalhoPraticoEstruturas\TrabalhoPraticoEstruturas\StructFile.c(829,28): warning C4267: 'função': conversão de 'size_t' para 'int', possível perda de dados
C:\Users\João Fernandes\source\repos\TesteTrabalho\TesteTrabalho\TrabalhoPraticoEstruturas\TrabalhoPraticoEstruturas\TrabalhoPraticoEstruturas\StructFile.c(819,9): warning C4101: 'getmachines': variável local não referenciada
C:\Users\João Fernandes\source\repos\TesteTrabalho\TesteTrabalho\TrabalhoPraticoEstruturas\TrabalhoPraticoEstruturas\TrabalhoPraticoEstruturas\StructFile.c(819,22): warning C4101: 'getcycletime': variável local não referenciada
C:\Users\João Fernandes\source\repos\TesteTrabalho\TesteTrabalho\TrabalhoPraticoEstruturas\TrabalhoPraticoEstruturas\TrabalhoPraticoEstruturas\StructFile.c(1071,34): warning C4267: 'função': conversão de 'size_t' para 'int', possível perda de dados
C:\Users\João Fernandes\source\repos\TesteTrabalho\TesteTrabalho\TrabalhoPraticoEstruturas\TrabalhoPraticoEstruturas\TrabalhoPraticoEstruturas\StructFile.c(1170,34): warning C4267: 'função': conversão de 'size_t' para 'int', possível perda de dados
C:\Users\João Fernandes\source\repos\TesteTrabalho\TesteTrabalho\TrabalhoPraticoEstruturas\TrabalhoPraticoEstruturas\TrabalhoPraticoEstruturas\StructFile.c(1233,21): warning C4098: 'SaveAJobatFile': função 'void' retornando um valor
C:\Users\João Fernandes\source\repos\TesteTrabalho\TesteTrabalho\TrabalhoPraticoEstruturas\TrabalhoPraticoEstruturas\TrabalhoPraticoEstruturas\StructFile.c(1253,16): warning C4098: 'SaveAJobatFile': função 'void' retornando um valor
C:\Users\João Fernandes\source\repos\TesteTrabalho\TesteTrabalho\TrabalhoPraticoEstruturas\TrabalhoPraticoEstruturas\TrabalhoPraticoEstruturas\StructFile.c(1279,24): warning C4267: 'função': conversão de 'size_t' para 'int', possível perda de dados
C:\Users\João Fernandes\source\repos\TesteTrabalho\TesteTrabalho\TrabalhoPraticoEstruturas\TrabalhoPraticoEstruturas\TrabalhoPraticoEstruturas\StructFile.c(1266,9): warning C4101: 'getmachines': variável local não referenciada
C:\Users\João Fernandes\source\repos\TesteTrabalho\TesteTrabalho\TrabalhoPraticoEstruturas\TrabalhoPraticoEstruturas\TrabalhoPraticoEstruturas\StructFile.c(1266,22): warning C4101: 'getcycletime': variável local não referenciada
C:\Users\João Fernandes\source\repos\TesteTrabalho\TesteTrabalho\TrabalhoPraticoEstruturas\TrabalhoPraticoEstruturas\TrabalhoPraticoEstruturas\StructFile.c(1403,29): warning C4267: 'função': conversão de 'size_t' para 'int', possível perda de dados
C:\Users\João Fernandes\source\repos\TesteTrabalho\TesteTrabalho\TrabalhoPraticoEstruturas\TrabalhoPraticoEstruturas\TrabalhoPraticoEstruturas\StructFile.c(1454,29): warning C4267: 'função': conversão de 'size_t' para 'int', possível perda de dados
C:\Users\João Fernandes\source\repos\TesteTrabalho\TesteTrabalho\TrabalhoPraticoEstruturas\TrabalhoPraticoEstruturas\TrabalhoPraticoEstruturas\StructFile.c(1512,1): warning C4047: 'inicializando': 'Jobs *' difere em níveis de indireção de 'Jobs'
C:\Users\João Fernandes\source\repos\TesteTrabalho\TesteTrabalho\TrabalhoPraticoEstruturas\TrabalhoPraticoEstruturas\TrabalhoPraticoEstruturas\StructFile.c(1544,1): warning C4047: 'inicializando': 'Jobs *' difere em níveis de indireção de 'Jobs'
C:\Users\João Fernandes\source\repos\TesteTrabalho\TesteTrabalho\TrabalhoPraticoEstruturas\TrabalhoPraticoEstruturas\TrabalhoPraticoEstruturas\StructFile.c(1556,9): warning C4101: 'numberofoperations': variável local não referenciada
C:\Users\João Fernandes\source\repos\TesteTrabalho\TesteTrabalho\TrabalhoPraticoEstruturas\TrabalhoPraticoEstruturas\TrabalhoPraticoEstruturas\StructFile.c(1602,1): warning C4047: 'inicializando': 'Jobs *' difere em níveis de indireção de 'Jobs'
C:\Users\João Fernandes\source\repos\TesteTrabalho\TesteTrabalho\TrabalhoPraticoEstruturas\TrabalhoPraticoEstruturas\TrabalhoPraticoEstruturas\StructFile.c(1617,9): warning C4101: 'numberofoperations': variável local não referenciada
C:\Users\João Fernandes\source\repos\TesteTrabalho\TesteTrabalho\TrabalhoPraticoEstruturas\TrabalhoPraticoEstruturas\TrabalhoPraticoEstruturas\StructFile.c(1729,52): warning C4047: 'função': 'Jobs *' difere em níveis de indireção de 'Jobs'
C:\Users\João Fernandes\source\repos\TesteTrabalho\TesteTrabalho\TrabalhoPraticoEstruturas\TrabalhoPraticoEstruturas\TrabalhoPraticoEstruturas\StructFile.c(1729,49): warning C4024: 'InsertJobOnInit': tipos diferentes para parâmetro formal e real 1
C:\Users\João Fernandes\source\repos\TesteTrabalho\TesteTrabalho\TrabalhoPraticoEstruturas\TrabalhoPraticoEstruturas\TrabalhoPraticoEstruturas\StructFile.c(1784,24): warning C4101: 'numberofop': variável local não referenciada
C:\Users\João Fernandes\source\repos\TesteTrabalho\TesteTrabalho\TrabalhoPraticoEstruturas\TrabalhoPraticoEstruturas\TrabalhoPraticoEstruturas\StructFile.c(1785,19): warning C4101: 'aux_numberofop': variável local não referenciada
C:\Users\João Fernandes\source\repos\TesteTrabalho\TesteTrabalho\TrabalhoPraticoEstruturas\TrabalhoPraticoEstruturas\TrabalhoPraticoEstruturas\StructFile.c(1785,10): warning C4101: 'index': variável local não referenciada
C:\Users\João Fernandes\source\repos\TesteTrabalho\TesteTrabalho\TrabalhoPraticoEstruturas\TrabalhoPraticoEstruturas\TrabalhoPraticoEstruturas\StructFile.c(1892,61): warning C4047: 'função': 'Jobs *' difere em níveis de indireção de 'Jobs'
C:\Users\João Fernandes\source\repos\TesteTrabalho\TesteTrabalho\TrabalhoPraticoEstruturas\TrabalhoPraticoEstruturas\TrabalhoPraticoEstruturas\StructFile.c(1892,58): warning C4024: 'InsertJobOnInit': tipos diferentes para parâmetro formal e real 1
C:\Users\João Fernandes\source\repos\TesteTrabalho\TesteTrabalho\TrabalhoPraticoEstruturas\TrabalhoPraticoEstruturas\TrabalhoPraticoEstruturas\StructFile.c(1911,24): warning C4101: 'numberofop': variável local não referenciada
C:\Users\João Fernandes\source\repos\TesteTrabalho\TesteTrabalho\TrabalhoPraticoEstruturas\TrabalhoPraticoEstruturas\TrabalhoPraticoEstruturas\StructFile.c(1912,19): warning C4101: 'aux_numberofop': variável local não referenciada
C:\Users\João Fernandes\source\repos\TesteTrabalho\TesteTrabalho\TrabalhoPraticoEstruturas\TrabalhoPraticoEstruturas\TrabalhoPraticoEstruturas\StructFile.c(1912,10): warning C4101: 'index': variável local não referenciada
C:\Users\João Fernandes\source\repos\TesteTrabalho\TesteTrabalho\TrabalhoPraticoEstruturas\TrabalhoPraticoEstruturas\TrabalhoPraticoEstruturas\StructFile.c(2017,1): warning C4047: 'inicializando': 'Jobs *' difere em níveis de indireção de 'Jobs'
C:\Users\João Fernandes\source\repos\TesteTrabalho\TesteTrabalho\TrabalhoPraticoEstruturas\TrabalhoPraticoEstruturas\TrabalhoPraticoEstruturas\StructFile.c(2075,13): warning C4101: 'op': variável local não referenciada
C:\Users\João Fernandes\source\repos\TesteTrabalho\TesteTrabalho\TrabalhoPraticoEstruturas\TrabalhoPraticoEstruturas\TrabalhoPraticoEstruturas\StructFile.c(2143,9): warning C4101: 'auxiliar': variável local não referenciada
C:\Users\João Fernandes\source\repos\TesteTrabalho\TesteTrabalho\TrabalhoPraticoEstruturas\TrabalhoPraticoEstruturas\TrabalhoPraticoEstruturas\StructFile.c(2345,38): warning C4047: 'função': 'Jobs *' difere em níveis de indireção de 'Jobs'
C:\Users\João Fernandes\source\repos\TesteTrabalho\TesteTrabalho\TrabalhoPraticoEstruturas\TrabalhoPraticoEstruturas\TrabalhoPraticoEstruturas\StructFile.c(2345,30): warning C4024: 'AddNode': tipos diferentes para parâmetro formal e real 2
C:\Users\João Fernandes\source\repos\TesteTrabalho\TesteTrabalho\TrabalhoPraticoEstruturas\TrabalhoPraticoEstruturas\TrabalhoPraticoEstruturas\StructFile.c(2366,46): warning C4047: 'função': 'Jobs *' difere em níveis de indireção de 'Jobs'
C:\Users\João Fernandes\source\repos\TesteTrabalho\TesteTrabalho\TrabalhoPraticoEstruturas\TrabalhoPraticoEstruturas\TrabalhoPraticoEstruturas\StructFile.c(2366,38): warning C4024: 'AddNode': tipos diferentes para parâmetro formal e real 2
C:\Users\João Fernandes\source\repos\TesteTrabalho\TesteTrabalho\TrabalhoPraticoEstruturas\TrabalhoPraticoEstruturas\TrabalhoPraticoEstruturas\StructFile.c(2375,38): warning C4047: 'função': 'Jobs *' difere em níveis de indireção de 'Jobs'
C:\Users\João Fernandes\source\repos\TesteTrabalho\TesteTrabalho\TrabalhoPraticoEstruturas\TrabalhoPraticoEstruturas\TrabalhoPraticoEstruturas\StructFile.c(2375,30): warning C4024: 'AddNode': tipos diferentes para parâmetro formal e real 2
C:\Users\João Fernandes\source\repos\TesteTrabalho\TesteTrabalho\TrabalhoPraticoEstruturas\TrabalhoPraticoEstruturas\TrabalhoPraticoEstruturas\StructFile.c(2281,1): warning C4047: 'inicializando': 'Jobs *' difere em níveis de indireção de 'Jobs'
C:\Users\João Fernandes\source\repos\TesteTrabalho\TesteTrabalho\TrabalhoPraticoEstruturas\TrabalhoPraticoEstruturas\TrabalhoPraticoEstruturas\StructFile.c(2390,20): warning C4047: '=': 'Jobs' difere em níveis de indireção de 'Jobs *'
  Gerando código
C:\Users\João Fernandes\source\repos\TesteTrabalho\TesteTrabalho\TrabalhoPraticoEstruturas\TrabalhoPraticoEstruturas\TrabalhoPraticoEstruturas\StructFile.c(931): warning C4715: 'AuxCreateStruct': nem todos os caminhos de controle retornam um valor
  15 of 51 functions (29.4%) were compiled, the rest were copied from previous compilation.
    2 functions were new in current compilation
    7 functions had inline decision re-evaluated but remain unchanged
  Finalizada a geração de código
  TrabalhoPraticoEstruturas.vcxproj -> C:\Users\João Fernandes\source\repos\TesteTrabalho\TesteTrabalho\TrabalhoPraticoEstruturas\TrabalhoPraticoEstruturas\x64\Release\TrabalhoPraticoEstruturas.exe
