  StructFile.c
C:\Users\João Fernandes\source\repos\TesteTrabalho\TesteTrabalho\TrabalhoPraticoEstruturas\TrabalhoPraticoEstruturas\TrabalhoPraticoEstruturas\StructFile.c(71,62): warning C4047: '=': 'int' difere em níveis de indireção de 'int *'
C:\Users\João Fernandes\source\repos\TesteTrabalho\TesteTrabalho\TrabalhoPraticoEstruturas\TrabalhoPraticoEstruturas\TrabalhoPraticoEstruturas\StructFile.c(143,62): warning C4047: '=': 'int' difere em níveis de indireção de 'int *'
C:\Users\João Fernandes\source\repos\TesteTrabalho\TesteTrabalho\TrabalhoPraticoEstruturas\TrabalhoPraticoEstruturas\TrabalhoPraticoEstruturas\StructFile.c(253,60): warning C4047: '=': 'int' difere em níveis de indireção de 'int *'
C:\Users\João Fernandes\source\repos\TesteTrabalho\TesteTrabalho\TrabalhoPraticoEstruturas\TrabalhoPraticoEstruturas\TrabalhoPraticoEstruturas\StructFile.c(362,60): warning C4047: '=': 'int' difere em níveis de indireção de 'int *'
C:\Users\João Fernandes\source\repos\TesteTrabalho\TesteTrabalho\TrabalhoPraticoEstruturas\TrabalhoPraticoEstruturas\TrabalhoPraticoEstruturas\StructFile.c(666,21): warning C4098: 'AllCombinations': função 'void' retornando um valor
C:\Users\João Fernandes\source\repos\TesteTrabalho\TesteTrabalho\TrabalhoPraticoEstruturas\TrabalhoPraticoEstruturas\TrabalhoPraticoEstruturas\StructFile.c(736,34): warning C4101: 'getcycletime': variável local não referenciada
C:\Users\João Fernandes\source\repos\TesteTrabalho\TesteTrabalho\TrabalhoPraticoEstruturas\TrabalhoPraticoEstruturas\TrabalhoPraticoEstruturas\StructFile.c(907,24): warning C4267: 'função': conversão de 'size_t' para 'int', possível perda de dados
C:\Users\João Fernandes\source\repos\TesteTrabalho\TesteTrabalho\TrabalhoPraticoEstruturas\TrabalhoPraticoEstruturas\TrabalhoPraticoEstruturas\StructFile.c(899,9): warning C4101: 'getmachines': variável local não referenciada
C:\Users\João Fernandes\source\repos\TesteTrabalho\TesteTrabalho\TrabalhoPraticoEstruturas\TrabalhoPraticoEstruturas\TrabalhoPraticoEstruturas\StructFile.c(899,22): warning C4101: 'getcycletime': variável local não referenciada
C:\Users\João Fernandes\source\repos\TesteTrabalho\TesteTrabalho\TrabalhoPraticoEstruturas\TrabalhoPraticoEstruturas\TrabalhoPraticoEstruturas\StructFile.c(977,62): warning C4047: '=': 'int' difere em níveis de indireção de 'int *'
C:\Users\João Fernandes\source\repos\TesteTrabalho\TesteTrabalho\TrabalhoPraticoEstruturas\TrabalhoPraticoEstruturas\TrabalhoPraticoEstruturas\StructFile.c(979,28): warning C4267: 'função': conversão de 'size_t' para 'int', possível perda de dados
C:\Users\João Fernandes\source\repos\TesteTrabalho\TesteTrabalho\TrabalhoPraticoEstruturas\TrabalhoPraticoEstruturas\TrabalhoPraticoEstruturas\StructFile.c(967,9): warning C4101: 'getmachines': variável local não referenciada
C:\Users\João Fernandes\source\repos\TesteTrabalho\TesteTrabalho\TrabalhoPraticoEstruturas\TrabalhoPraticoEstruturas\TrabalhoPraticoEstruturas\StructFile.c(967,22): warning C4101: 'getcycletime': variável local não referenciada
C:\Users\João Fernandes\source\repos\TesteTrabalho\TesteTrabalho\TrabalhoPraticoEstruturas\TrabalhoPraticoEstruturas\TrabalhoPraticoEstruturas\StructFile.c(1221,34): warning C4267: 'função': conversão de 'size_t' para 'int', possível perda de dados
C:\Users\João Fernandes\source\repos\TesteTrabalho\TesteTrabalho\TrabalhoPraticoEstruturas\TrabalhoPraticoEstruturas\TrabalhoPraticoEstruturas\StructFile.c(1322,34): warning C4267: 'função': conversão de 'size_t' para 'int', possível perda de dados
C:\Users\João Fernandes\source\repos\TesteTrabalho\TesteTrabalho\TrabalhoPraticoEstruturas\TrabalhoPraticoEstruturas\TrabalhoPraticoEstruturas\StructFile.c(1385,21): warning C4098: 'SaveAJobatFile': função 'void' retornando um valor
C:\Users\João Fernandes\source\repos\TesteTrabalho\TesteTrabalho\TrabalhoPraticoEstruturas\TrabalhoPraticoEstruturas\TrabalhoPraticoEstruturas\StructFile.c(1405,16): warning C4098: 'SaveAJobatFile': função 'void' retornando um valor
C:\Users\João Fernandes\source\repos\TesteTrabalho\TesteTrabalho\TrabalhoPraticoEstruturas\TrabalhoPraticoEstruturas\TrabalhoPraticoEstruturas\StructFile.c(1431,24): warning C4267: 'função': conversão de 'size_t' para 'int', possível perda de dados
C:\Users\João Fernandes\source\repos\TesteTrabalho\TesteTrabalho\TrabalhoPraticoEstruturas\TrabalhoPraticoEstruturas\TrabalhoPraticoEstruturas\StructFile.c(1418,9): warning C4101: 'getmachines': variável local não referenciada
C:\Users\João Fernandes\source\repos\TesteTrabalho\TesteTrabalho\TrabalhoPraticoEstruturas\TrabalhoPraticoEstruturas\TrabalhoPraticoEstruturas\StructFile.c(1418,22): warning C4101: 'getcycletime': variável local não referenciada
C:\Users\João Fernandes\source\repos\TesteTrabalho\TesteTrabalho\TrabalhoPraticoEstruturas\TrabalhoPraticoEstruturas\TrabalhoPraticoEstruturas\StructFile.c(1555,29): warning C4267: 'função': conversão de 'size_t' para 'int', possível perda de dados
C:\Users\João Fernandes\source\repos\TesteTrabalho\TesteTrabalho\TrabalhoPraticoEstruturas\TrabalhoPraticoEstruturas\TrabalhoPraticoEstruturas\StructFile.c(1606,29): warning C4267: 'função': conversão de 'size_t' para 'int', possível perda de dados
C:\Users\João Fernandes\source\repos\TesteTrabalho\TesteTrabalho\TrabalhoPraticoEstruturas\TrabalhoPraticoEstruturas\TrabalhoPraticoEstruturas\StructFile.c(1664,1): warning C4047: 'inicializando': 'Jobs *' difere em níveis de indireção de 'Jobs'
C:\Users\João Fernandes\source\repos\TesteTrabalho\TesteTrabalho\TrabalhoPraticoEstruturas\TrabalhoPraticoEstruturas\TrabalhoPraticoEstruturas\StructFile.c(1696,1): warning C4047: 'inicializando': 'Jobs *' difere em níveis de indireção de 'Jobs'
C:\Users\João Fernandes\source\repos\TesteTrabalho\TesteTrabalho\TrabalhoPraticoEstruturas\TrabalhoPraticoEstruturas\TrabalhoPraticoEstruturas\StructFile.c(1708,9): warning C4101: 'numberofoperations': variável local não referenciada
C:\Users\João Fernandes\source\repos\TesteTrabalho\TesteTrabalho\TrabalhoPraticoEstruturas\TrabalhoPraticoEstruturas\TrabalhoPraticoEstruturas\StructFile.c(1754,1): warning C4047: 'inicializando': 'Jobs *' difere em níveis de indireção de 'Jobs'
C:\Users\João Fernandes\source\repos\TesteTrabalho\TesteTrabalho\TrabalhoPraticoEstruturas\TrabalhoPraticoEstruturas\TrabalhoPraticoEstruturas\StructFile.c(1769,9): warning C4101: 'numberofoperations': variável local não referenciada
C:\Users\João Fernandes\source\repos\TesteTrabalho\TesteTrabalho\TrabalhoPraticoEstruturas\TrabalhoPraticoEstruturas\TrabalhoPraticoEstruturas\StructFile.c(1881,52): warning C4047: 'função': 'Jobs *' difere em níveis de indireção de 'Jobs'
C:\Users\João Fernandes\source\repos\TesteTrabalho\TesteTrabalho\TrabalhoPraticoEstruturas\TrabalhoPraticoEstruturas\TrabalhoPraticoEstruturas\StructFile.c(1881,49): warning C4024: 'InsertJobOnInit': tipos diferentes para parâmetro formal e real 1
C:\Users\João Fernandes\source\repos\TesteTrabalho\TesteTrabalho\TrabalhoPraticoEstruturas\TrabalhoPraticoEstruturas\TrabalhoPraticoEstruturas\StructFile.c(1936,24): warning C4101: 'numberofop': variável local não referenciada
C:\Users\João Fernandes\source\repos\TesteTrabalho\TesteTrabalho\TrabalhoPraticoEstruturas\TrabalhoPraticoEstruturas\TrabalhoPraticoEstruturas\StructFile.c(1937,19): warning C4101: 'aux_numberofop': variável local não referenciada
C:\Users\João Fernandes\source\repos\TesteTrabalho\TesteTrabalho\TrabalhoPraticoEstruturas\TrabalhoPraticoEstruturas\TrabalhoPraticoEstruturas\StructFile.c(1937,10): warning C4101: 'index': variável local não referenciada
C:\Users\João Fernandes\source\repos\TesteTrabalho\TesteTrabalho\TrabalhoPraticoEstruturas\TrabalhoPraticoEstruturas\TrabalhoPraticoEstruturas\StructFile.c(2044,61): warning C4047: 'função': 'Jobs *' difere em níveis de indireção de 'Jobs'
C:\Users\João Fernandes\source\repos\TesteTrabalho\TesteTrabalho\TrabalhoPraticoEstruturas\TrabalhoPraticoEstruturas\TrabalhoPraticoEstruturas\StructFile.c(2044,58): warning C4024: 'InsertJobOnInit': tipos diferentes para parâmetro formal e real 1
C:\Users\João Fernandes\source\repos\TesteTrabalho\TesteTrabalho\TrabalhoPraticoEstruturas\TrabalhoPraticoEstruturas\TrabalhoPraticoEstruturas\StructFile.c(2063,24): warning C4101: 'numberofop': variável local não referenciada
C:\Users\João Fernandes\source\repos\TesteTrabalho\TesteTrabalho\TrabalhoPraticoEstruturas\TrabalhoPraticoEstruturas\TrabalhoPraticoEstruturas\StructFile.c(2064,19): warning C4101: 'aux_numberofop': variável local não referenciada
C:\Users\João Fernandes\source\repos\TesteTrabalho\TesteTrabalho\TrabalhoPraticoEstruturas\TrabalhoPraticoEstruturas\TrabalhoPraticoEstruturas\StructFile.c(2064,10): warning C4101: 'index': variável local não referenciada
C:\Users\João Fernandes\source\repos\TesteTrabalho\TesteTrabalho\TrabalhoPraticoEstruturas\TrabalhoPraticoEstruturas\TrabalhoPraticoEstruturas\StructFile.c(2169,1): warning C4047: 'inicializando': 'Jobs *' difere em níveis de indireção de 'Jobs'
C:\Users\João Fernandes\source\repos\TesteTrabalho\TesteTrabalho\TrabalhoPraticoEstruturas\TrabalhoPraticoEstruturas\TrabalhoPraticoEstruturas\StructFile.c(2227,13): warning C4101: 'op': variável local não referenciada
C:\Users\João Fernandes\source\repos\TesteTrabalho\TesteTrabalho\TrabalhoPraticoEstruturas\TrabalhoPraticoEstruturas\TrabalhoPraticoEstruturas\StructFile.c(2295,9): warning C4101: 'auxiliar': variável local não referenciada
C:\Users\João Fernandes\source\repos\TesteTrabalho\TesteTrabalho\TrabalhoPraticoEstruturas\TrabalhoPraticoEstruturas\TrabalhoPraticoEstruturas\StructFile.c(2497,38): warning C4047: 'função': 'Jobs *' difere em níveis de indireção de 'Jobs'
C:\Users\João Fernandes\source\repos\TesteTrabalho\TesteTrabalho\TrabalhoPraticoEstruturas\TrabalhoPraticoEstruturas\TrabalhoPraticoEstruturas\StructFile.c(2497,30): warning C4024: 'AddNode': tipos diferentes para parâmetro formal e real 2
C:\Users\João Fernandes\source\repos\TesteTrabalho\TesteTrabalho\TrabalhoPraticoEstruturas\TrabalhoPraticoEstruturas\TrabalhoPraticoEstruturas\StructFile.c(2518,46): warning C4047: 'função': 'Jobs *' difere em níveis de indireção de 'Jobs'
C:\Users\João Fernandes\source\repos\TesteTrabalho\TesteTrabalho\TrabalhoPraticoEstruturas\TrabalhoPraticoEstruturas\TrabalhoPraticoEstruturas\StructFile.c(2518,38): warning C4024: 'AddNode': tipos diferentes para parâmetro formal e real 2
C:\Users\João Fernandes\source\repos\TesteTrabalho\TesteTrabalho\TrabalhoPraticoEstruturas\TrabalhoPraticoEstruturas\TrabalhoPraticoEstruturas\StructFile.c(2527,38): warning C4047: 'função': 'Jobs *' difere em níveis de indireção de 'Jobs'
C:\Users\João Fernandes\source\repos\TesteTrabalho\TesteTrabalho\TrabalhoPraticoEstruturas\TrabalhoPraticoEstruturas\TrabalhoPraticoEstruturas\StructFile.c(2527,30): warning C4024: 'AddNode': tipos diferentes para parâmetro formal e real 2
C:\Users\João Fernandes\source\repos\TesteTrabalho\TesteTrabalho\TrabalhoPraticoEstruturas\TrabalhoPraticoEstruturas\TrabalhoPraticoEstruturas\StructFile.c(2433,1): warning C4047: 'inicializando': 'Jobs *' difere em níveis de indireção de 'Jobs'
C:\Users\João Fernandes\source\repos\TesteTrabalho\TesteTrabalho\TrabalhoPraticoEstruturas\TrabalhoPraticoEstruturas\TrabalhoPraticoEstruturas\StructFile.c(2542,20): warning C4047: '=': 'Jobs' difere em níveis de indireção de 'Jobs *'
C:\Users\João Fernandes\source\repos\TesteTrabalho\TesteTrabalho\TrabalhoPraticoEstruturas\TrabalhoPraticoEstruturas\TrabalhoPraticoEstruturas\StructFile.c(721): warning C4715: 'AddMachine': nem todos os caminhos de controle retornam um valor
C:\Users\João Fernandes\source\repos\TesteTrabalho\TesteTrabalho\TrabalhoPraticoEstruturas\TrabalhoPraticoEstruturas\TrabalhoPraticoEstruturas\StructFile.c(1081): warning C4715: 'AuxCreateStruct': nem todos os caminhos de controle retornam um valor
C:\Users\João Fernandes\source\repos\TesteTrabalho\TesteTrabalho\TrabalhoPraticoEstruturas\TrabalhoPraticoEstruturas\TrabalhoPraticoEstruturas\StructFile.c(2195): warning C4715: 'SelectJob': nem todos os caminhos de controle retornam um valor
  TrabalhoPraticoEstruturas.vcxproj -> C:\Users\João Fernandes\source\repos\TesteTrabalho\TesteTrabalho\TrabalhoPraticoEstruturas\TrabalhoPraticoEstruturas\x64\Debug\TrabalhoPraticoEstruturas.exe
